make all --print-data-base --no-builtin-variables --no-builtin-rules --question
# GNU Make 4.1
 
# Built for x86_64-pc-linux-gnu
 
# Copyright (C) 1988-2014 Free Software Foundation, Inc.
 
# License GPLv3+: GNU GPL version 3 or later <http://gnu.org/licenses/gpl.html>
 
# This is free software: you are free to change and redistribute it.
 
# There is NO WARRANTY, to the extent permitted by law.
 

 
# Make data base, printed on Thu Aug  4 17:55:52 2022
 

# Variables
 

 
# automatic
 
<D = $(patsubst %/,%,$(dir $<))
 
# automatic
 
?F = $(notdir $?)
 
# environment
 
DESKTOP_SESSION = Lubuntu
 
# default
 
.SHELLFLAGS := -c
 
# makefile (from 'makefile', line 3)
 
OBJ := build
 
# makefile (from 'makefile', line 2)
 
SRC := src
 
# environment
 
XDG_SESSION_TYPE = x11
 
# automatic
 
?D = $(patsubst %/,%,$(dir $?))
 
# automatic
 
@D = $(patsubst %/,%,$(dir $@))
# environment
XAUTHORITY = /home/krystal/.Xauthority
# environment
GDMSESSION = Lubuntu
# default
MAKE_VERSION := 4.1
# makefile
CURDIR := /home/krystal/Desktop/Cate/CateRewrite
# makefile
SHELL = /bin/sh
# environment
GDM_LANG = en_US
# environment
VSCODE_NLS_CONFIG = {"locale":"en-gb","availableLanguages":{},"_languagePackSupport":true}
# makefile (from 'makefile', line 4)
CFLAGS := -std=c++17 -fpermissive -lstdc++fs -Wall -pthread -static
# environment
XDG_CONFIG_DIRS = /etc/xdg/lubuntu:/etc/xdg/xdg-Lubuntu:/etc/xdg
# environment
GTK_OVERLAY_SCROLLING = 0
# makefile (from 'makefile', line 1)
MAKEFILE_LIST :=  makefile
# automatic
@F = $(notdir $@)
# 'override' directive
GNUMAKEFLAGS := 
# makefile (from 'makefile', line 8)
SOURCES := src/Parser.cpp src/Library.cpp src/Lexer.cpp src/Class.cpp src/main.cpp src/Project.cpp src/Util.cpp
# environment
MANDATORY_PATH = /usr/share/gconf/Lubuntu.mandatory.path
# environment
XDG_DATA_DIRS = /etc/xdg/lubuntu:/usr/share/gdm:/var/lib/menu-xdg:/usr/share/Lubuntu:/home/krystal/.local/share/flatpak/exports/share:/var/lib/flatpak/exports/share:/usr/local/share:/usr/share:/var/lib/snapd/desktop
# environment
DBUS_SESSION_BUS_ADDRESS = unix:path=/run/user/1000/bus
# makefile (from 'makefile', line 5)
SIZE_OPTIMIZATION_FLAGS := -O3 -ffunction-sections -fdata-sections -Wl,--gc-sections -fno-exceptions -fno-ident -fomit-frame-pointer -fmerge-all-constants -Wl,--build-id=none
# environment
VSCODE_CWD = /home/krystal
# environment
QT_STYLE_OVERRIDE = gtk
# environment
PAM_KWALLET5_LOGIN = /run/user/1000/kwallet5.socket
# environment
XDG_SESSION_PATH = /org/freedesktop/DisplayManager/Session0
# default
MAKE_HOST := x86_64-pc-linux-gnu
# environment
PATH = /usr/local/sbin:/usr/local/bin:/usr/sbin:/usr/bin:/sbin:/bin:/usr/games:/usr/local/games:/snap/bin
# environment
_LXSESSION_PID = 1314
# environment
GPG_AGENT_INFO = /run/user/1000/gnupg/S.gpg-agent:0:1
# environment
XDG_RUNTIME_DIR = /run/user/1000
# environment
XDG_MENU_PREFIX = lxde-
# environment
ELECTRON_RUN_AS_NODE = 1
# default
.FEATURES := target-specific order-only second-expansion else-if shortest-stem undefine oneshell archives jobserver output-sync check-symlink load
# environment
XDG_GREETER_DATA_DIR = /var/lib/lightdm-data/krystal
# environment
XDG_SESSION_DESKTOP = Lubuntu
# environment
SSH_AUTH_SOCK = /tmp/ssh-gVgaywJ8BH7I/agent.1314
# automatic
%F = $(notdir $%)
# environment
DISPLAY = :0
# environment
PWD = /home/krystal/Desktop/Cate/CateRewrite
# environment
QT_QPA_PLATFORMTHEME = lxqt
# environment
XDG_SEAT = seat0
# environment
SSH_AGENT_PID = 1379
# environment
ORIGINAL_XDG_CURRENT_DESKTOP = LXDE
# environment
VSCODE_AMD_ENTRYPOINT = vs/workbench/api/node/extensionHostProcess
# environment
HOME = /home/krystal
# environment
VSCODE_CLI = 1
# environment
VSCODE_CODE_CACHE_PATH = /home/krystal/.config/Code/CachedData/3b889b090b5ad5793f524b5d1d39fda662b96a2a
# environment
LOGNAME = krystal
# environment
APPLICATION_INSIGHTS_NO_DIAGNOSTIC_CHANNEL = 1
# environment
ELECTRON_NO_ATTACH_CONSOLE = 1
# environment
VSCODE_HANDLES_UNCAUGHT_ERRORS = true
# automatic
^D = $(patsubst %/,%,$(dir $^))
# environment
XDG_VTNR = 7
# environment
MAKELEVEL := 0
# default
MAKE = $(MAKE_COMMAND)
# default
MAKECMDGOALS := all
# environment
SHLVL = 0
# makefile (from 'makefile', line 1)
CC = g++
# environment
XDG_SESSION_ID = c2
# environment
USER = krystal
# makefile
.DEFAULT_GOAL := all
# environment
XDG_CURRENT_DESKTOP = LXDE
# environment
LIBVIRT_DEFAULT_URI = qemu:///system
# automatic
%D = $(patsubst %/,%,$(dir $%))
# default
MAKE_COMMAND := make
# default
.VARIABLES := 
# automatic
*F = $(notdir $*)
# environment
LANGUAGE = en_IL:en
# environment
XDG_SEAT_PATH = /org/freedesktop/DisplayManager/Seat0
# environment
VSCODE_IPC_HOOK = /run/user/1000/vscode-0e57f78d-1.69.2-main.sock
# makefile
MAKEFLAGS = pqrR
# environment
MFLAGS = -pqrR
# automatic
*D = $(patsubst %/,%,$(dir $*))
# automatic
+D = $(patsubst %/,%,$(dir $+))
# environment
GDK_BACKEND = x11
# environment
QT_PLATFORM_PLUGIN = lxqt
# automatic
+F = $(notdir $+)
# environment
NO_AT_BRIDGE = 1
# environment
S_COLORS = auto
# environment
DEFAULTS_PATH = /usr/share/gconf/Lubuntu.default.path
# default
MAKEFILES := 
# automatic
<F = $(notdir $<)
# environment
XDG_CONFIG_HOME = /home/krystal/.config
# environment
LC_ALL = C
# automatic
^F = $(notdir $^)
# default
SUFFIXES := 
# environment
CHROME_DESKTOP = code-url-handler.desktop
# default
.INCLUDE_DIRS = /usr/include /usr/local/include /usr/include
# default
.RECIPEPREFIX := 
# makefile (from 'makefile', line 9)
OBJECTS :=  build/Parser.o  build/Library.o  build/Lexer.o  build/Class.o  build/main.o  build/Project.o  build/Util.o
# environment
LANG = C
# environment
VSCODE_PID = 29283
# variable set hash-table stats:
# Load=98/1024=10%, Rehash=0, Collisions=13/134=10%

# Pattern-specific Variable Values

# No pattern-specific variable values.

# Directories

# . (device 2051, inode 6045763): 13 files, no impossibilities.
# src (device 2051, inode 6045765): 20 files, no impossibilities.

# 33 files, no impossibilities in 2 directories.

# Implicit Rules

build/%.o: src/%.cpp
#  recipe to execute (from 'makefile', line 25):
	@$(CC) -I$(SRC) -c $< -o $@ $(CFLAGS) $(SIZE_OPTIMIZATION_FLAGS)

# 1 implicit rules, 0 (0.0%) terminal.

# Files

# Not a target:
build/main.o:
#  Implicit rule search has not been done.
#  Modification time never checked.
#  File has not been updated.

all: build_directory cate
#  Command line target.
#  Implicit rule search has been done.
#  File does not exist.
#  File has been updated.
#  Needs to be updated (-q is set).
# variable set hash-table stats:
# Load=0/32=0%, Rehash=0, Collisions=0/4=0%

# Not a target:
build/Lexer.o:
#  Implicit rule search has not been done.
#  Modification time never checked.
#  File has not been updated.

# Not a target:
build/Util.o:
#  Implicit rule search has not been done.
#  Modification time never checked.
#  File has not been updated.

# Not a target:
src/lexer.l:
#  Implicit rule search has not been done.
#  Modification time never checked.
#  File has not been updated.

# Not a target:
.SUFFIXES:
#  Implicit rule search has not been done.
#  Modification time never checked.
#  File has not been updated.

uninstall:
#  Implicit rule search has not been done.
#  Modification time never checked.
#  File has not been updated.
#  recipe to execute (from 'makefile', line 32):
	@rm /usr/bin/cate
	@echo "Unnstalled cate!"

# Not a target:
makefile:
#  Implicit rule search has been done.
#  Last modified 2022-08-04 17:53:26.824729366
#  File has been updated.
#  Successfully updated.

# Not a target:
build/Project.o:
#  Implicit rule search has not been done.
#  Modification time never checked.
#  File has not been updated.

cate: build/Parser.o build/Library.o build/Lexer.o build/Class.o build/main.o build/Project.o build/Util.o
#  Implicit rule search has not been done.
#  Modification time never checked.
#  File has not been updated.
#  recipe to execute (from 'makefile', line 17):
	@$(CC) $^ -o cate $(SIZE_OPTIMIZATION_FLAGS) $(CFLAGS)
	@strip -S --strip-unneeded --remove-section=.note.gnu.gold-version --remove-section=.comment --remove-section=.note --remove-section=.note.gnu.build-id --remove-section=.note.ABI-tag cate

# Not a target:
build/Class.o:
#  Implicit rule search has not been done.
#  Modification time never checked.
#  File has not been updated.

# Not a target:
.DEFAULT:
#  Implicit rule search has not been done.
#  Modification time never checked.
#  File has not been updated.

build_directory:
#  Implicit rule search has not been done.
#  Implicit/static pattern stem: ''
#  File does not exist.
#  File has been updated.
#  Needs to be updated (-q is set).
# automatic
 
# @ := build_directory
# automatic
# % := 
# automatic
# * := 
# automatic
# + := 
# automatic
# | := 
# automatic
# < := 
# automatic
# ^ := 
# automatic
# ? := 
# variable set hash-table stats:
# Load=8/32=25%, Rehash=0, Collisions=1/12=8%
#  recipe to execute (from 'makefile', line 14):
	mkdir -p $(OBJ)

clean:
#  Implicit rule search has not been done.
#  Modification time never checked.
#  File has not been updated.
#  recipe to execute (from 'makefile', line 36):
	@rm -rf CATE_DEBUG obj/*.o

lex: src/lexer.l
#  Implicit rule search has not been done.
#  Modification time never checked.
#  File has not been updated.
#  recipe to execute (from 'makefile', line 21):
	flex --noyywrap -osrc/Lexer.cpp --header-file=src/Lexer.hpp src/lexer.l
	sed -i 's/yywrap() { return 1;}/yywrap();/g' src/Lexer.hpp

# Not a target:
build/Library.o:
#  Implicit rule search has not been done.
#  Modification time never checked.
#  File has not been updated.

# Not a target:
build/Parser.o:
#  Implicit rule search has not been done.
#  Modification time never checked.
#  File has not been updated.

install: cate
#  Implicit rule search has not been done.
#  Modification time never checked.
#  File has not been updated.
#  recipe to execute (from 'makefile', line 28):
	@cp cate /usr/bin
	@echo "Installed cate!"

# files hash-table stats:
# Load=18/1024=2%, Rehash=0, Collisions=1/43=2%
# VPATH Search Paths

# No 'vpath' search paths.

# No general ('VPATH' variable) search path.

# strcache buffers: 1 (0) / strings = 51 / storage = 540 B / avg = 10 B
# current buf: size = 8162 B / used = 540 B / count = 51 / avg = 10 B

# strcache performance: lookups = 71 / hit rate = 28%
# hash-table stats:
# Load=51/8192=1%, Rehash=0, Collisions=2/71=3%
# Finished Make data base on Thu Aug  4 17:55:52 2022

 
